<?xml version="1.0" encoding="UTF-8"?>
<testng-results ignored="0" total="2" passed="2" failed="0" skipped="0">
  <reporter-output>
  </reporter-output>
  <suite started-at="2023-05-31T17:12:58 IST" name="Suite" finished-at="2023-05-31T17:14:06 IST" duration-ms="68447">
    <groups>
    </groups>
    <test started-at="2023-05-31T17:12:58 IST" name="Test" finished-at="2023-05-31T17:13:52 IST" duration-ms="54273">
      <class name="Testcases.Testclass2">
        <test-method signature="main2()[pri:0, instance:Testcases.Testclass2@7e5afaa6]" started-at="2023-05-31T17:12:58 IST" name="main2" finished-at="2023-05-31T17:13:52 IST" duration-ms="54198" status="PASS">
          <reporter-output>
          </reporter-output>
        </test-method> <!-- main2 -->
      </class> <!-- Testcases.Testclass2 -->
    </test> <!-- Test -->
    <test started-at="2023-05-31T17:12:58 IST" name="test" finished-at="2023-05-31T17:14:06 IST" duration-ms="68447">
      <class name="Testcases.Testclass1">
        <test-method signature="main2()[pri:0, instance:Testcases.Testclass1@957e06]" started-at="2023-05-31T17:12:58 IST" name="main2" finished-at="2023-05-31T17:14:06 IST" duration-ms="68380" status="PASS">
          <reporter-output>
          </reporter-output>
        </test-method> <!-- main2 -->
      </class> <!-- Testcases.Testclass1 -->
    </test> <!-- test -->
  </suite> <!-- Suite -->
</testng-results>
